<?xml version="1.0" encoding="UTF-8"?>
<testng-results ignored="0" total="7" passed="7" failed="0" skipped="0">
  <reporter-output>
  </reporter-output>
  <suite started-at="2024-11-25T01:07:53 IST" name="Default suite" finished-at="2024-11-25T01:08:02 IST" duration-ms="9168">
    <groups>
      <group name="smoke">
        <method signature="RevenueCalculatorTest.Verify_TextBox()[pri:4, instance:TestCases.RevenueCalculatorTest@2d3379b4]" name="Verify_TextBox" class="TestCases.RevenueCalculatorTest"/>
        <method signature="RevenueCalculatorTest.Verify_WebPage()[pri:1, instance:TestCases.RevenueCalculatorTest@2d3379b4]" name="Verify_WebPage" class="TestCases.RevenueCalculatorTest"/>
        <method signature="RevenueCalculatorTest.clickCheckBoxes()[pri:6, instance:TestCases.RevenueCalculatorTest@2d3379b4]" name="clickCheckBoxes" class="TestCases.RevenueCalculatorTest"/>
      </group> <!-- smoke -->
      <group name="Regression">
        <method signature="RevenueCalculatorTest.NavigateToRevenueCalculatorPage()[pri:2, instance:TestCases.RevenueCalculatorTest@2d3379b4]" name="NavigateToRevenueCalculatorPage" class="TestCases.RevenueCalculatorTest"/>
        <method signature="RevenueCalculatorTest.ScrollToSlider()[pri:3, instance:TestCases.RevenueCalculatorTest@2d3379b4]" name="ScrollToSlider" class="TestCases.RevenueCalculatorTest"/>
        <method signature="RevenueCalculatorTest.Verify_Header()[pri:8, instance:TestCases.RevenueCalculatorTest@2d3379b4]" name="Verify_Header" class="TestCases.RevenueCalculatorTest"/>
        <method signature="RevenueCalculatorTest.Verify_TotalRecurring()[pri:7, instance:TestCases.RevenueCalculatorTest@2d3379b4]" name="Verify_TotalRecurring" class="TestCases.RevenueCalculatorTest"/>
        <method signature="RevenueCalculatorTest.Verify_WebPage()[pri:1, instance:TestCases.RevenueCalculatorTest@2d3379b4]" name="Verify_WebPage" class="TestCases.RevenueCalculatorTest"/>
      </group> <!-- Regression -->
      <group name="sanity">
        <method signature="RevenueCalculatorTest.NavigateToRevenueCalculatorPage()[pri:2, instance:TestCases.RevenueCalculatorTest@2d3379b4]" name="NavigateToRevenueCalculatorPage" class="TestCases.RevenueCalculatorTest"/>
        <method signature="RevenueCalculatorTest.ScrollToSlider()[pri:3, instance:TestCases.RevenueCalculatorTest@2d3379b4]" name="ScrollToSlider" class="TestCases.RevenueCalculatorTest"/>
        <method signature="RevenueCalculatorTest.Verify_Header()[pri:8, instance:TestCases.RevenueCalculatorTest@2d3379b4]" name="Verify_Header" class="TestCases.RevenueCalculatorTest"/>
        <method signature="RevenueCalculatorTest.Verify_TextBox()[pri:4, instance:TestCases.RevenueCalculatorTest@2d3379b4]" name="Verify_TextBox" class="TestCases.RevenueCalculatorTest"/>
        <method signature="RevenueCalculatorTest.Verify_TotalRecurring()[pri:7, instance:TestCases.RevenueCalculatorTest@2d3379b4]" name="Verify_TotalRecurring" class="TestCases.RevenueCalculatorTest"/>
        <method signature="RevenueCalculatorTest.Verify_WebPage()[pri:1, instance:TestCases.RevenueCalculatorTest@2d3379b4]" name="Verify_WebPage" class="TestCases.RevenueCalculatorTest"/>
        <method signature="RevenueCalculatorTest.clickCheckBoxes()[pri:6, instance:TestCases.RevenueCalculatorTest@2d3379b4]" name="clickCheckBoxes" class="TestCases.RevenueCalculatorTest"/>
      </group> <!-- sanity -->
    </groups>
    <test started-at="2024-11-25T01:07:53 IST" name="Default test" finished-at="2024-11-25T01:08:02 IST" duration-ms="9168">
      <class name="TestCases.RevenueCalculatorTest">
        <test-method is-config="true" signature="Setup()[pri:0, instance:TestCases.RevenueCalculatorTest@2d3379b4]" started-at="2024-11-25T01:07:53 IST" name="Setup" finished-at="2024-11-25T01:07:59 IST" duration-ms="5522" status="PASS">
          <reporter-output>
          </reporter-output>
        </test-method> <!-- Setup -->
        <test-method signature="Verify_WebPage()[pri:1, instance:TestCases.RevenueCalculatorTest@2d3379b4]" started-at="2024-11-25T01:07:59 IST" name="Verify_WebPage" finished-at="2024-11-25T01:07:59 IST" duration-ms="41" status="PASS">
          <reporter-output>
          </reporter-output>
        </test-method> <!-- Verify_WebPage -->
        <test-method signature="NavigateToRevenueCalculatorPage()[pri:2, instance:TestCases.RevenueCalculatorTest@2d3379b4]" started-at="2024-11-25T01:07:59 IST" name="NavigateToRevenueCalculatorPage" finished-at="2024-11-25T01:07:59 IST" duration-ms="70" status="PASS">
          <reporter-output>
          </reporter-output>
        </test-method> <!-- NavigateToRevenueCalculatorPage -->
        <test-method signature="ScrollToSlider()[pri:3, instance:TestCases.RevenueCalculatorTest@2d3379b4]" started-at="2024-11-25T01:07:59 IST" name="ScrollToSlider" finished-at="2024-11-25T01:08:00 IST" duration-ms="810" status="PASS">
          <reporter-output>
          </reporter-output>
        </test-method> <!-- ScrollToSlider -->
        <test-method signature="Verify_TextBox()[pri:4, instance:TestCases.RevenueCalculatorTest@2d3379b4]" started-at="2024-11-25T01:08:00 IST" name="Verify_TextBox" finished-at="2024-11-25T01:08:02 IST" duration-ms="2092" status="PASS">
          <reporter-output>
          </reporter-output>
        </test-method> <!-- Verify_TextBox -->
        <test-method signature="clickCheckBoxes()[pri:6, instance:TestCases.RevenueCalculatorTest@2d3379b4]" started-at="2024-11-25T01:08:02 IST" name="clickCheckBoxes" finished-at="2024-11-25T01:08:02 IST" duration-ms="507" status="PASS">
          <reporter-output>
          </reporter-output>
        </test-method> <!-- clickCheckBoxes -->
        <test-method signature="Verify_TotalRecurring()[pri:7, instance:TestCases.RevenueCalculatorTest@2d3379b4]" started-at="2024-11-25T01:08:02 IST" name="Verify_TotalRecurring" finished-at="2024-11-25T01:08:02 IST" duration-ms="74" status="PASS">
          <reporter-output>
          </reporter-output>
        </test-method> <!-- Verify_TotalRecurring -->
        <test-method signature="Verify_Header()[pri:8, instance:TestCases.RevenueCalculatorTest@2d3379b4]" started-at="2024-11-25T01:08:02 IST" name="Verify_Header" finished-at="2024-11-25T01:08:02 IST" duration-ms="17" status="PASS">
          <reporter-output>
          </reporter-output>
        </test-method> <!-- Verify_Header -->
      </class> <!-- TestCases.RevenueCalculatorTest -->
    </test> <!-- Default test -->
  </suite> <!-- Default suite -->
</testng-results>
