<?xml version="1.0" encoding="UTF-8"?>
<!-- Generated by org.testng.reporters.JUnitXMLReporter -->
<testsuite ignored="0" hostname="DESKTOP-9U5B2F8" failures="0" tests="7" name="Test" time="9.637" errors="0" timestamp="2024-11-25T01:12:47 IST">
  <testcase classname="TestCases.RevenueCalculatorTest" name="Verify_WebPage" time="0.038"/>
  <testcase classname="TestCases.RevenueCalculatorTest" name="NavigateToRevenueCalculatorPage" time="0.061"/>
  <testcase classname="TestCases.RevenueCalculatorTest" name="ScrollToSlider" time="0.572"/>
  <testcase classname="TestCases.RevenueCalculatorTest" name="Verify_TextBox" time="2.109"/>
  <testcase classname="TestCases.RevenueCalculatorTest" name="clickCheckBoxes" time="0.476"/>
  <testcase classname="TestCases.RevenueCalculatorTest" name="Verify_TotalRecurring" time="0.059"/>
  <testcase classname="TestCases.RevenueCalculatorTest" name="Verify_Header" time="0.018"/>
</testsuite> <!-- Test -->
