<?xml version="1.0" encoding="UTF-8"?>
<testng-results ignored="0" total="7" passed="7" failed="0" skipped="0">
  <reporter-output>
  </reporter-output>
  <suite started-at="2024-11-25T01:12:38 IST" name="Suite" finished-at="2024-11-25T01:12:47 IST" duration-ms="9637">
    <groups>
      <group name="smoke">
        <method signature="RevenueCalculatorTest.Verify_TextBox()[pri:4, instance:TestCases.RevenueCalculatorTest@6dc17b83]" name="Verify_TextBox" class="TestCases.RevenueCalculatorTest"/>
        <method signature="RevenueCalculatorTest.Verify_WebPage()[pri:1, instance:TestCases.RevenueCalculatorTest@6dc17b83]" name="Verify_WebPage" class="TestCases.RevenueCalculatorTest"/>
        <method signature="RevenueCalculatorTest.clickCheckBoxes()[pri:6, instance:TestCases.RevenueCalculatorTest@6dc17b83]" name="clickCheckBoxes" class="TestCases.RevenueCalculatorTest"/>
      </group> <!-- smoke -->
      <group name="Regression">
        <method signature="RevenueCalculatorTest.NavigateToRevenueCalculatorPage()[pri:2, instance:TestCases.RevenueCalculatorTest@6dc17b83]" name="NavigateToRevenueCalculatorPage" class="TestCases.RevenueCalculatorTest"/>
        <method signature="RevenueCalculatorTest.ScrollToSlider()[pri:3, instance:TestCases.RevenueCalculatorTest@6dc17b83]" name="ScrollToSlider" class="TestCases.RevenueCalculatorTest"/>
        <method signature="RevenueCalculatorTest.Verify_Header()[pri:8, instance:TestCases.RevenueCalculatorTest@6dc17b83]" name="Verify_Header" class="TestCases.RevenueCalculatorTest"/>
        <method signature="RevenueCalculatorTest.Verify_TotalRecurring()[pri:7, instance:TestCases.RevenueCalculatorTest@6dc17b83]" name="Verify_TotalRecurring" class="TestCases.RevenueCalculatorTest"/>
        <method signature="RevenueCalculatorTest.Verify_WebPage()[pri:1, instance:TestCases.RevenueCalculatorTest@6dc17b83]" name="Verify_WebPage" class="TestCases.RevenueCalculatorTest"/>
      </group> <!-- Regression -->
      <group name="sanity">
        <method signature="RevenueCalculatorTest.NavigateToRevenueCalculatorPage()[pri:2, instance:TestCases.RevenueCalculatorTest@6dc17b83]" name="NavigateToRevenueCalculatorPage" class="TestCases.RevenueCalculatorTest"/>
        <method signature="RevenueCalculatorTest.ScrollToSlider()[pri:3, instance:TestCases.RevenueCalculatorTest@6dc17b83]" name="ScrollToSlider" class="TestCases.RevenueCalculatorTest"/>
        <method signature="RevenueCalculatorTest.Verify_Header()[pri:8, instance:TestCases.RevenueCalculatorTest@6dc17b83]" name="Verify_Header" class="TestCases.RevenueCalculatorTest"/>
        <method signature="RevenueCalculatorTest.Verify_TextBox()[pri:4, instance:TestCases.RevenueCalculatorTest@6dc17b83]" name="Verify_TextBox" class="TestCases.RevenueCalculatorTest"/>
        <method signature="RevenueCalculatorTest.Verify_TotalRecurring()[pri:7, instance:TestCases.RevenueCalculatorTest@6dc17b83]" name="Verify_TotalRecurring" class="TestCases.RevenueCalculatorTest"/>
        <method signature="RevenueCalculatorTest.Verify_WebPage()[pri:1, instance:TestCases.RevenueCalculatorTest@6dc17b83]" name="Verify_WebPage" class="TestCases.RevenueCalculatorTest"/>
        <method signature="RevenueCalculatorTest.clickCheckBoxes()[pri:6, instance:TestCases.RevenueCalculatorTest@6dc17b83]" name="clickCheckBoxes" class="TestCases.RevenueCalculatorTest"/>
      </group> <!-- sanity -->
    </groups>
    <test started-at="2024-11-25T01:12:38 IST" name="Test" finished-at="2024-11-25T01:12:47 IST" duration-ms="9637">
      <class name="TestCases.RevenueCalculatorTest">
        <test-method is-config="true" signature="Setup()[pri:0, instance:TestCases.RevenueCalculatorTest@6dc17b83]" started-at="2024-11-25T01:12:38 IST" name="Setup" finished-at="2024-11-25T01:12:43 IST" duration-ms="4807" status="PASS">
          <reporter-output>
          </reporter-output>
        </test-method> <!-- Setup -->
        <test-method signature="Verify_WebPage()[pri:1, instance:TestCases.RevenueCalculatorTest@6dc17b83]" started-at="2024-11-25T01:12:43 IST" name="Verify_WebPage" finished-at="2024-11-25T01:12:43 IST" duration-ms="38" status="PASS">
          <reporter-output>
          </reporter-output>
        </test-method> <!-- Verify_WebPage -->
        <test-method signature="NavigateToRevenueCalculatorPage()[pri:2, instance:TestCases.RevenueCalculatorTest@6dc17b83]" started-at="2024-11-25T01:12:43 IST" name="NavigateToRevenueCalculatorPage" finished-at="2024-11-25T01:12:43 IST" duration-ms="61" status="PASS">
          <reporter-output>
          </reporter-output>
        </test-method> <!-- NavigateToRevenueCalculatorPage -->
        <test-method signature="ScrollToSlider()[pri:3, instance:TestCases.RevenueCalculatorTest@6dc17b83]" started-at="2024-11-25T01:12:43 IST" name="ScrollToSlider" finished-at="2024-11-25T01:12:44 IST" duration-ms="572" status="PASS">
          <reporter-output>
          </reporter-output>
        </test-method> <!-- ScrollToSlider -->
        <test-method signature="Verify_TextBox()[pri:4, instance:TestCases.RevenueCalculatorTest@6dc17b83]" started-at="2024-11-25T01:12:44 IST" name="Verify_TextBox" finished-at="2024-11-25T01:12:46 IST" duration-ms="2109" status="PASS">
          <reporter-output>
          </reporter-output>
        </test-method> <!-- Verify_TextBox -->
        <test-method signature="clickCheckBoxes()[pri:6, instance:TestCases.RevenueCalculatorTest@6dc17b83]" started-at="2024-11-25T01:12:46 IST" name="clickCheckBoxes" finished-at="2024-11-25T01:12:47 IST" duration-ms="476" status="PASS">
          <reporter-output>
          </reporter-output>
        </test-method> <!-- clickCheckBoxes -->
        <test-method signature="Verify_TotalRecurring()[pri:7, instance:TestCases.RevenueCalculatorTest@6dc17b83]" started-at="2024-11-25T01:12:47 IST" name="Verify_TotalRecurring" finished-at="2024-11-25T01:12:47 IST" duration-ms="59" status="PASS">
          <reporter-output>
          </reporter-output>
        </test-method> <!-- Verify_TotalRecurring -->
        <test-method signature="Verify_Header()[pri:8, instance:TestCases.RevenueCalculatorTest@6dc17b83]" started-at="2024-11-25T01:12:47 IST" name="Verify_Header" finished-at="2024-11-25T01:12:47 IST" duration-ms="18" status="PASS">
          <reporter-output>
          </reporter-output>
        </test-method> <!-- Verify_Header -->
      </class> <!-- TestCases.RevenueCalculatorTest -->
    </test> <!-- Test -->
  </suite> <!-- Suite -->
</testng-results>
