<?xml version="1.0" encoding="UTF-8"?>
<!-- Generated by org.testng.reporters.JUnitXMLReporter -->
<testsuite ignored="0" hostname="DESKTOP-9U5B2F8" failures="0" tests="7" name="Default test" time="9.168" errors="0" timestamp="2024-11-25T01:08:02 IST">
  <testcase classname="TestCases.RevenueCalculatorTest" name="Verify_WebPage" time="0.041"/>
  <testcase classname="TestCases.RevenueCalculatorTest" name="NavigateToRevenueCalculatorPage" time="0.07"/>
  <testcase classname="TestCases.RevenueCalculatorTest" name="ScrollToSlider" time="0.81"/>
  <testcase classname="TestCases.RevenueCalculatorTest" name="Verify_TextBox" time="2.092"/>
  <testcase classname="TestCases.RevenueCalculatorTest" name="clickCheckBoxes" time="0.507"/>
  <testcase classname="TestCases.RevenueCalculatorTest" name="Verify_TotalRecurring" time="0.074"/>
  <testcase classname="TestCases.RevenueCalculatorTest" name="Verify_Header" time="0.017"/>
</testsuite> <!-- Default test -->
