<?xml version="1.0" encoding="UTF-8"?>
<!-- Generated by org.testng.reporters.JUnitXMLReporter -->
<testsuite ignored="0" hostname="DESKTOP-9U5B2F8" failures="0" tests="7" name="Test" time="8.554" errors="0" timestamp="2024-11-23T21:37:49 IST">
  <testcase classname="TestCases.RevenueCalculatorTest" name="Verify_WebPage" time="0.043"/>
  <testcase classname="TestCases.RevenueCalculatorTest" name="NavigateToRevenueCalculatorPage" time="0.066"/>
  <testcase classname="TestCases.RevenueCalculatorTest" name="ScrollToSlider" time="0.613"/>
  <testcase classname="TestCases.RevenueCalculatorTest" name="moveSlider" time="0.428"/>
  <testcase classname="TestCases.RevenueCalculatorTest" name="clickCheckBoxes" time="0.49"/>
  <testcase classname="TestCases.RevenueCalculatorTest" name="Verify_TotalRecurring" time="0.058"/>
  <testcase classname="TestCases.RevenueCalculatorTest" name="Verify_Header" time="0.017"/>
</testsuite> <!-- Test -->
